<html>
<head>
<title>TestNG:  Test</title>
<link href="../testng.css" rel="stylesheet" type="text/css" />
<link href="../my-testng.css" rel="stylesheet" type="text/css" />

<style type="text/css">
.log { display: none;} 
.stack-trace { display: none;} 
</style>
<script type="text/javascript">
<!--
function flip(e) {
  current = e.style.display;
  if (current == 'block') {
    e.style.display = 'none';
    return 0;
  }
  else {
    e.style.display = 'block';
    return 1;
  }
}

function toggleBox(szDivId, elem, msg1, msg2)
{
  var res = -1;  if (document.getElementById) {
    res = flip(document.getElementById(szDivId));
  }
  else if (document.all) {
    // this is the way old msie versions work
    res = flip(document.all[szDivId]);
  }
  if(elem) {
    if(res == 0) elem.innerHTML = msg1; else elem.innerHTML = msg2;
  }

}

function toggleAllBoxes() {
  if (document.getElementsByTagName) {
    d = document.getElementsByTagName('div');
    for (i = 0; i < d.length; i++) {
      if (d[i].className == 'log') {
        flip(d[i]);
      }
    }
  }
}

// -->
</script>

</head>
<body>
<h2 align='center'>Test</h2><table border='1' align="center">
<tr>
<td>Tests passed/Failed/Skipped:</td><td>9/2/0</td>
</tr><tr>
<td>Started on:</td><td>Sun Dec 15 12:23:29 PST 2024</td>
</tr>
<tr><td>Total time:</td><td>84 seconds (84440 ms)</td>
</tr><tr>
<td>Included groups:</td><td></td>
</tr><tr>
<td>Excluded groups:</td><td>skipGroup </td>
</tr>
</table><p/>
<small><i>(Hover the method name to see the test class name)</i></small><p/>
<table width='100%' border='1' class='invocation-failed'>
<tr><td colspan='4' align='center'><b>FAILED TESTS</b></td></tr>
<tr><td><b>Test method</b></td>
<td width="30%"><b>Exception</b></td>
<td width="10%"><b>Time (seconds)</b></td>
<td><b>Instance</b></td>
</tr>
<tr>
<td title='SeleniumCodeSDET.SDETCode.DataBaseConnection.Database()'><b>Database</b><br>Test class: SeleniumCodeSDET.SDETCode.DataBaseConnection</td>
<td><div><pre>java.sql.SQLException: No suitable driver found for jdbc:mysql://localhost:3306/hr
	at java.sql/java.sql.DriverManager.getConnection(DriverManager.java:707)
	at java.sql/java.sql.DriverManager.getConnection(DriverManager.java:230)
	at SeleniumCodeSDET.SDETCode.DataBaseConnection.Database(DataBaseConnection.java:16)
	at java.base/java.util.ArrayList.forEach(ArrayList.java:1597)
... Removed 25 stack frames</pre></div><a href='#' onClick='toggleBox("stack-trace1891673045", this, "Click to show all stack frames", "Click to hide stack frames")'>Click to show all stack frames</a>
<div class='stack-trace' id='stack-trace1891673045'><pre>java.sql.SQLException: No suitable driver found for jdbc:mysql://localhost:3306/hr
	at java.sql/java.sql.DriverManager.getConnection(DriverManager.java:707)
	at java.sql/java.sql.DriverManager.getConnection(DriverManager.java:230)
	at SeleniumCodeSDET.SDETCode.DataBaseConnection.Database(DataBaseConnection.java:16)
	at java.base/jdk.internal.reflect.DirectMethodHandleAccessor.invoke(DirectMethodHandleAccessor.java:103)
	at java.base/java.lang.reflect.Method.invoke(Method.java:580)
	at org.testng.internal.MethodInvocationHelper.invokeMethod(MethodInvocationHelper.java:133)
	at org.testng.internal.TestInvoker.invokeMethod(TestInvoker.java:598)
	at org.testng.internal.TestInvoker.invokeTestMethod(TestInvoker.java:173)
	at org.testng.internal.MethodRunner.runInSequence(MethodRunner.java:46)
	at org.testng.internal.TestInvoker$MethodInvocationAgent.invoke(TestInvoker.java:824)
	at org.testng.internal.TestInvoker.invokeTestMethods(TestInvoker.java:146)
	at org.testng.internal.TestMethodWorker.invokeTestMethods(TestMethodWorker.java:146)
	at org.testng.internal.TestMethodWorker.run(TestMethodWorker.java:128)
	at java.base/java.util.ArrayList.forEach(ArrayList.java:1597)
	at org.testng.TestRunner.privateRun(TestRunner.java:794)
	at org.testng.TestRunner.run(TestRunner.java:596)
	at org.testng.SuiteRunner.runTest(SuiteRunner.java:377)
	at org.testng.SuiteRunner.runSequentially(SuiteRunner.java:371)
	at org.testng.SuiteRunner.privateRun(SuiteRunner.java:332)
	at org.testng.SuiteRunner.run(SuiteRunner.java:276)
	at org.testng.SuiteRunnerWorker.runSuite(SuiteRunnerWorker.java:53)
	at org.testng.SuiteRunnerWorker.run(SuiteRunnerWorker.java:96)
	at org.testng.TestNG.runSuitesSequentially(TestNG.java:1212)
	at org.testng.TestNG.runSuitesLocally(TestNG.java:1134)
	at org.testng.TestNG.runSuites(TestNG.java:1063)
	at org.testng.TestNG.run(TestNG.java:1031)
	at org.testng.remote.AbstractRemoteTestNG.run(AbstractRemoteTestNG.java:115)
	at org.testng.remote.RemoteTestNG.initAndRun(RemoteTestNG.java:293)
	at org.testng.remote.RemoteTestNG.main(RemoteTestNG.java:91)
</pre></div></td>
<td>0</td>
<td>SeleniumCodeSDET.SDETCode.DataBaseConnection@5aa9e4eb</td></tr>
<tr>
<td title='SeleniumCodeSDET.SDETCode.DataProviderTest.dataProviderIRCTC()'><b>dataProviderIRCTC</b><br>Test class: SeleniumCodeSDET.SDETCode.DataProviderTest</td>
<td><div><pre>org.openqa.selenium.ElementNotInteractableException: element not interactable
  (Session info: chrome=131.0.6778.140)
Build info: version: &apos;4.26.0&apos;, revision: &apos;8ccf0219d7&apos;
System info: os.name: &apos;Windows 11&apos;, os.arch: &apos;amd64&apos;, os.version: &apos;10.0&apos;, java.version: &apos;23&apos;
Driver info: org.openqa.selenium.chrome.ChromeDriver
Command: [45b69d8aa5a988df94bea086e4487e3e, sendKeysToElement {value=[Ljava.lang.CharSequence;@bc042d5, id=f.EFA6DCEAC2821FEE7DA71018B01BDA89.d.E3D18539926269CCDD19570A7F6554A0.e.179}]
Capabilities {acceptInsecureCerts: false, browserName: chrome, browserVersion: 131.0.6778.140, chrome: {chromedriverVersion: 131.0.6778.108 (3b014839fbc..., userDataDir: C:\Users\suraj\AppData\Loca...}, fedcm:accounts: true, goog:chromeOptions: {debuggerAddress: localhost:51295}, networkConnectionEnabled: false, pageLoadStrategy: normal, platformName: windows, proxy: Proxy(), se:cdp: ws://localhost:51295/devtoo..., se:cdpVersion: 131.0.6778.140, setWindowRect: true, strictFileInteractability: false, timeouts: {implicit: 0, pageLoad: 300000, script: 30000}, unhandledPromptBehavior: dismiss and notify, webauthn:extension:credBlob: true, webauthn:extension:largeBlob: true, webauthn:extension:minPinLength: true, webauthn:extension:prf: true, webauthn:virtualAuthenticators: true}
Element: [[ChromeDriver: chrome on windows (45b69d8aa5a988df94bea086e4487e3e)] -&gt; xpath: //p-autocomplete[@id=&apos;destination&apos;]]
Session ID: 45b69d8aa5a988df94bea086e4487e3e
	at org.openqa.selenium.remote.ErrorCodec.decode(ErrorCodec.java:167)
	at org.openqa.selenium.remote.codec.w3c.W3CHttpResponseCodec.decode(W3CHttpResponseCodec.java:138)
	at org.openqa.selenium.remote.codec.w3c.W3CHttpResponseCodec.decode(W3CHttpResponseCodec.java:50)
	at org.openqa.selenium.remote.HttpCommandExecutor.execute(HttpCommandExecutor.java:190)
	at org.openqa.selenium.remote.service.DriverCommandExecutor.invokeExecute(DriverCommandExecutor.java:216)
	at org.openqa.selenium.remote.service.DriverCommandExecutor.execute(DriverCommandExecutor.java:174)
	at org.openqa.selenium.remote.RemoteWebDriver.execute(RemoteWebDriver.java:545)
	at org.openqa.selenium.remote.RemoteWebElement.execute(RemoteWebElement.java:223)
	at org.openqa.selenium.remote.RemoteWebElement.sendKeys(RemoteWebElement.java:110)
	at SeleniumCodeSDET.SDETCode.DataProviderTest.dataProviderIRCTC(DataProviderTest.java:56)
	at java.base/java.util.ArrayList.forEach(ArrayList.java:1597)
... Removed 28 stack frames</pre></div><a href='#' onClick='toggleBox("stack-trace1290358063", this, "Click to show all stack frames", "Click to hide stack frames")'>Click to show all stack frames</a>
<div class='stack-trace' id='stack-trace1290358063'><pre>org.openqa.selenium.ElementNotInteractableException: element not interactable
  (Session info: chrome=131.0.6778.140)
Build info: version: &apos;4.26.0&apos;, revision: &apos;8ccf0219d7&apos;
System info: os.name: &apos;Windows 11&apos;, os.arch: &apos;amd64&apos;, os.version: &apos;10.0&apos;, java.version: &apos;23&apos;
Driver info: org.openqa.selenium.chrome.ChromeDriver
Command: [45b69d8aa5a988df94bea086e4487e3e, sendKeysToElement {value=[Ljava.lang.CharSequence;@bc042d5, id=f.EFA6DCEAC2821FEE7DA71018B01BDA89.d.E3D18539926269CCDD19570A7F6554A0.e.179}]
Capabilities {acceptInsecureCerts: false, browserName: chrome, browserVersion: 131.0.6778.140, chrome: {chromedriverVersion: 131.0.6778.108 (3b014839fbc..., userDataDir: C:\Users\suraj\AppData\Loca...}, fedcm:accounts: true, goog:chromeOptions: {debuggerAddress: localhost:51295}, networkConnectionEnabled: false, pageLoadStrategy: normal, platformName: windows, proxy: Proxy(), se:cdp: ws://localhost:51295/devtoo..., se:cdpVersion: 131.0.6778.140, setWindowRect: true, strictFileInteractability: false, timeouts: {implicit: 0, pageLoad: 300000, script: 30000}, unhandledPromptBehavior: dismiss and notify, webauthn:extension:credBlob: true, webauthn:extension:largeBlob: true, webauthn:extension:minPinLength: true, webauthn:extension:prf: true, webauthn:virtualAuthenticators: true}
Element: [[ChromeDriver: chrome on windows (45b69d8aa5a988df94bea086e4487e3e)] -&gt; xpath: //p-autocomplete[@id=&apos;destination&apos;]]
Session ID: 45b69d8aa5a988df94bea086e4487e3e
	at java.base/jdk.internal.reflect.DirectConstructorHandleAccessor.newInstance(DirectConstructorHandleAccessor.java:62)
	at java.base/java.lang.reflect.Constructor.newInstanceWithCaller(Constructor.java:501)
	at java.base/java.lang.reflect.Constructor.newInstance(Constructor.java:485)
	at org.openqa.selenium.remote.ErrorCodec.decode(ErrorCodec.java:167)
	at org.openqa.selenium.remote.codec.w3c.W3CHttpResponseCodec.decode(W3CHttpResponseCodec.java:138)
	at org.openqa.selenium.remote.codec.w3c.W3CHttpResponseCodec.decode(W3CHttpResponseCodec.java:50)
	at org.openqa.selenium.remote.HttpCommandExecutor.execute(HttpCommandExecutor.java:190)
	at org.openqa.selenium.remote.service.DriverCommandExecutor.invokeExecute(DriverCommandExecutor.java:216)
	at org.openqa.selenium.remote.service.DriverCommandExecutor.execute(DriverCommandExecutor.java:174)
	at org.openqa.selenium.remote.RemoteWebDriver.execute(RemoteWebDriver.java:545)
	at org.openqa.selenium.remote.RemoteWebElement.execute(RemoteWebElement.java:223)
	at org.openqa.selenium.remote.RemoteWebElement.sendKeys(RemoteWebElement.java:110)
	at SeleniumCodeSDET.SDETCode.DataProviderTest.dataProviderIRCTC(DataProviderTest.java:56)
	at java.base/jdk.internal.reflect.DirectMethodHandleAccessor.invoke(DirectMethodHandleAccessor.java:103)
	at java.base/java.lang.reflect.Method.invoke(Method.java:580)
	at org.testng.internal.MethodInvocationHelper.invokeMethod(MethodInvocationHelper.java:133)
	at org.testng.internal.TestInvoker.invokeMethod(TestInvoker.java:598)
	at org.testng.internal.TestInvoker.invokeTestMethod(TestInvoker.java:173)
	at org.testng.internal.MethodRunner.runInSequence(MethodRunner.java:46)
	at org.testng.internal.TestInvoker$MethodInvocationAgent.invoke(TestInvoker.java:824)
	at org.testng.internal.TestInvoker.invokeTestMethods(TestInvoker.java:146)
	at org.testng.internal.TestMethodWorker.invokeTestMethods(TestMethodWorker.java:146)
	at org.testng.internal.TestMethodWorker.run(TestMethodWorker.java:128)
	at java.base/java.util.ArrayList.forEach(ArrayList.java:1597)
	at org.testng.TestRunner.privateRun(TestRunner.java:794)
	at org.testng.TestRunner.run(TestRunner.java:596)
	at org.testng.SuiteRunner.runTest(SuiteRunner.java:377)
	at org.testng.SuiteRunner.runSequentially(SuiteRunner.java:371)
	at org.testng.SuiteRunner.privateRun(SuiteRunner.java:332)
	at org.testng.SuiteRunner.run(SuiteRunner.java:276)
	at org.testng.SuiteRunnerWorker.runSuite(SuiteRunnerWorker.java:53)
	at org.testng.SuiteRunnerWorker.run(SuiteRunnerWorker.java:96)
	at org.testng.TestNG.runSuitesSequentially(TestNG.java:1212)
	at org.testng.TestNG.runSuitesLocally(TestNG.java:1134)
	at org.testng.TestNG.runSuites(TestNG.java:1063)
	at org.testng.TestNG.run(TestNG.java:1031)
	at org.testng.remote.AbstractRemoteTestNG.run(AbstractRemoteTestNG.java:115)
	at org.testng.remote.RemoteTestNG.initAndRun(RemoteTestNG.java:293)
	at org.testng.remote.RemoteTestNG.main(RemoteTestNG.java:91)
</pre></div></td>
<td>24</td>
<td>SeleniumCodeSDET.SDETCode.DataProviderTest@217ed35e</td></tr>
</table><p>
<table width='100%' border='1' class='invocation-passed'>
<tr><td colspan='4' align='center'><b>PASSED TESTS</b></td></tr>
<tr><td><b>Test method</b></td>
<td width="30%"><b>Exception</b></td>
<td width="10%"><b>Time (seconds)</b></td>
<td><b>Instance</b></td>
</tr>
<tr>
<td title='SeleniumCodeSDET.SDETCode.DataProvider_FillForm.fillform()'><b>fillform</b><br>Test class: SeleniumCodeSDET.SDETCode.DataProvider_FillForm<br>Parameters: John, Doe, john.doe@example.com</td>
<td></td>
<td>3</td>
<td>SeleniumCodeSDET.SDETCode.DataProvider_FillForm@10683d9d</td></tr>
<tr>
<td title='SeleniumCodeSDET.SDETCode.WebDriverWaitCode.timerSimpleAlert()'><b>timerSimpleAlert</b><br>Test class: SeleniumCodeSDET.SDETCode.WebDriverWaitCode</td>
<td></td>
<td>6</td>
<td>SeleniumCodeSDET.SDETCode.WebDriverWaitCode@139982de</td></tr>
<tr>
<td title='SeleniumCodeSDET.SDETCode.MultipleWindow.handleMultipleWindow()'><b>handleMultipleWindow</b><br>Test class: SeleniumCodeSDET.SDETCode.MultipleWindow</td>
<td></td>
<td>25</td>
<td>SeleniumCodeSDET.SDETCode.MultipleWindow@385c9627</td></tr>
<tr>
<td title='SeleniumCodeSDET.SDETCode.BrokenLink.findBrokenLink()'><b>findBrokenLink</b><br>Test class: SeleniumCodeSDET.SDETCode.BrokenLink</td>
<td></td>
<td>10</td>
<td>SeleniumCodeSDET.SDETCode.BrokenLink@3fc2959f</td></tr>
<tr>
<td title='SeleniumCodeSDET.SDETCode.HandleAlerts.promptBox()'><b>promptBox</b><br>Test class: SeleniumCodeSDET.SDETCode.HandleAlerts</td>
<td></td>
<td>0</td>
<td>SeleniumCodeSDET.SDETCode.HandleAlerts@682b2fa</td></tr>
<tr>
<td title='SeleniumCodeSDET.SDETCode.DataProvider_FillForm.fillform()'><b>fillform</b><br>Test class: SeleniumCodeSDET.SDETCode.DataProvider_FillForm<br>Parameters: Jane, Smith, jane.smith@example.com</td>
<td></td>
<td>2</td>
<td>SeleniumCodeSDET.SDETCode.DataProvider_FillForm@10683d9d</td></tr>
<tr>
<td title='SeleniumCodeSDET.SDETCode.JavaScriptExecutorCode.confirmAlert()'><b>confirmAlert</b><br>Test class: SeleniumCodeSDET.SDETCode.JavaScriptExecutorCode</td>
<td></td>
<td>3</td>
<td>SeleniumCodeSDET.SDETCode.JavaScriptExecutorCode@5542c4ed</td></tr>
<tr>
<td title='SeleniumCodeSDET.SDETCode.DataProvider_FillForm.fillform()'><b>fillform</b><br>Test class: SeleniumCodeSDET.SDETCode.DataProvider_FillForm<br>Parameters: Mike, Johnson, mike.johnson@example.com</td>
<td></td>
<td>2</td>
<td>SeleniumCodeSDET.SDETCode.DataProvider_FillForm@10683d9d</td></tr>
<tr>
<td title='SeleniumCodeSDET.SDETCode.WebDriverWaitCode.table()'><b>table</b><br>Test class: SeleniumCodeSDET.SDETCode.WebDriverWaitCode</td>
<td></td>
<td>0</td>
<td>SeleniumCodeSDET.SDETCode.WebDriverWaitCode@139982de</td></tr>
</table><p>
</body>
</html>