<?xml version="1.0" encoding="UTF-8"?>
<!-- Generated by org.testng.reporters.JUnitXMLReporter -->
<testsuite ignored="19" hostname="SurajSaini" failures="3" tests="11" name="Test" time="86.256" errors="0" timestamp="2024-12-11T01:26:14 PST">
  <testcase classname="SeleniumCodeSDET.SDETCode.JavaScriptExecutorCode" name="confirmAlert" time="3.104"/>
  <testcase classname="SeleniumCodeSDET.SDETCode.DataProvider_FillForm" name="fillform" time="3.142"/>
  <testcase classname="SeleniumCodeSDET.SDETCode.DataProvider_FillForm" name="fillform" time="2.692"/>
  <testcase classname="SeleniumCodeSDET.SDETCode.DataProvider_FillForm" name="fillform" time="2.054"/>
  <testcase classname="SeleniumCodeSDET.SDETCode.BrokenLink" name="findBrokenLink" time="7.199"/>
  <testcase classname="SeleniumCodeSDET.SDETCode.DataBaseConnection" name="Database" time="0.008">
    <failure type="java.sql.SQLException" message="No suitable driver found for jdbc:mysql://localhost:3306/hr">
      <![CDATA[java.sql.SQLException: No suitable driver found for jdbc:mysql://localhost:3306/hr
at java.sql/java.sql.DriverManager.getConnection(DriverManager.java:707)
at java.sql/java.sql.DriverManager.getConnection(DriverManager.java:230)
at SeleniumCodeSDET.SDETCode.DataBaseConnection.Database(DataBaseConnection.java:16)
at java.base/java.util.ArrayList.forEach(ArrayList.java:1597)
... Removed 25 stack frames]]>
    </failure>
  </testcase> <!-- Database -->
  <testcase classname="SeleniumCodeSDET.SDETCode.MultipleWindow" name="handleMultipleWindow" time="28.917">
    <failure type="junit.framework.AssertionFailedError" message="expected:&amp;lt;5&amp;gt; but was:&amp;lt;6&amp;gt;">
      <![CDATA[junit.framework.AssertionFailedError: expected:<5> but was:<6>
at junit.framework.Assert.fail(Assert.java:47)
at junit.framework.Assert.failNotEquals(Assert.java:282)
at junit.framework.Assert.assertEquals(Assert.java:64)
at junit.framework.Assert.assertEquals(Assert.java:201)
at junit.framework.Assert.assertEquals(Assert.java:207)
at SeleniumCodeSDET.SDETCode.MultipleWindow.handleMultipleWindow(MultipleWindow.java:63)
at java.base/java.util.ArrayList.forEach(ArrayList.java:1597)
... Removed 25 stack frames]]>
    </failure>
  </testcase> <!-- handleMultipleWindow -->
  <testcase classname="SeleniumCodeSDET.SDETCode.WebDriverWaitCode" name="table" time="0.003"/>
  <testcase classname="SeleniumCodeSDET.SDETCode.WebDriverWaitCode" name="timerSimpleAlert" time="7.858"/>
  <testcase classname="SeleniumCodeSDET.SDETCode.HandleAlerts" name="promptBox" time="2.025"/>
  <testcase classname="SeleniumCodeSDET.SDETCode.DataProviderTest" name="dataProviderIRCTC" time="22.721">
    <failure type="org.openqa.selenium.ElementNotInteractableException" message="element not interactable
  (Session info: chrome=131.0.6778.109)
Build info: version: &amp;apos;4.26.0&amp;apos;, revision: &amp;apos;8ccf0219d7&amp;apos;
System info: os.name: &amp;apos;Windows 11&amp;apos;, os.arch: &amp;apos;amd64&amp;apos;, os.version: &amp;apos;10.0&amp;apos;, java.version: &amp;apos;23&amp;apos;
Driver info: org.openqa.selenium.chrome.ChromeDriver
Command: [55a06e6f17cc17dc22634fa66e45ca00, sendKeysToElement {value=[Ljava.lang.CharSequence;@77bb48d5, id=f.E10CC082767E62FED85E138A48A14F9B.d.243D518633CC69264F0C38BEFF3F8B4B.e.68}]
Capabilities {acceptInsecureCerts: false, browserName: chrome, browserVersion: 131.0.6778.109, chrome: {chromedriverVersion: 131.0.6778.108 (3b014839fbc..., userDataDir: C:\Users\suraj\AppData\Loca...}, fedcm:accounts: true, goog:chromeOptions: {debuggerAddress: localhost:62452}, networkConnectionEnabled: false, pageLoadStrategy: normal, platformName: windows, proxy: Proxy(), se:cdp: ws://localhost:62452/devtoo..., se:cdpVersion: 131.0.6778.109, setWindowRect: true, strictFileInteractability: false, timeouts: {implicit: 0, pageLoad: 300000, script: 30000}, unhandledPromptBehavior: dismiss and notify, webauthn:extension:credBlob: true, webauthn:extension:largeBlob: true, webauthn:extension:minPinLength: true, webauthn:extension:prf: true, webauthn:virtualAuthenticators: true}
Element: [[ChromeDriver: chrome on windows (55a06e6f17cc17dc22634fa66e45ca00)] -&amp;gt; xpath: //p-autocomplete[@id=&amp;apos;destination&amp;apos;]]
Session ID: 55a06e6f17cc17dc22634fa66e45ca00">
      <![CDATA[org.openqa.selenium.ElementNotInteractableException: element not interactable
  (Session info: chrome=131.0.6778.109)
Build info: version: '4.26.0', revision: '8ccf0219d7'
System info: os.name: 'Windows 11', os.arch: 'amd64', os.version: '10.0', java.version: '23'
Driver info: org.openqa.selenium.chrome.ChromeDriver
Command: [55a06e6f17cc17dc22634fa66e45ca00, sendKeysToElement {value=[Ljava.lang.CharSequence;@77bb48d5, id=f.E10CC082767E62FED85E138A48A14F9B.d.243D518633CC69264F0C38BEFF3F8B4B.e.68}]
Capabilities {acceptInsecureCerts: false, browserName: chrome, browserVersion: 131.0.6778.109, chrome: {chromedriverVersion: 131.0.6778.108 (3b014839fbc..., userDataDir: C:\Users\suraj\AppData\Loca...}, fedcm:accounts: true, goog:chromeOptions: {debuggerAddress: localhost:62452}, networkConnectionEnabled: false, pageLoadStrategy: normal, platformName: windows, proxy: Proxy(), se:cdp: ws://localhost:62452/devtoo..., se:cdpVersion: 131.0.6778.109, setWindowRect: true, strictFileInteractability: false, timeouts: {implicit: 0, pageLoad: 300000, script: 30000}, unhandledPromptBehavior: dismiss and notify, webauthn:extension:credBlob: true, webauthn:extension:largeBlob: true, webauthn:extension:minPinLength: true, webauthn:extension:prf: true, webauthn:virtualAuthenticators: true}
Element: [[ChromeDriver: chrome on windows (55a06e6f17cc17dc22634fa66e45ca00)] -> xpath: //p-autocomplete[@id='destination']]
Session ID: 55a06e6f17cc17dc22634fa66e45ca00
at org.openqa.selenium.remote.ErrorCodec.decode(ErrorCodec.java:167)
at org.openqa.selenium.remote.codec.w3c.W3CHttpResponseCodec.decode(W3CHttpResponseCodec.java:138)
at org.openqa.selenium.remote.codec.w3c.W3CHttpResponseCodec.decode(W3CHttpResponseCodec.java:50)
at org.openqa.selenium.remote.HttpCommandExecutor.execute(HttpCommandExecutor.java:190)
at org.openqa.selenium.remote.service.DriverCommandExecutor.invokeExecute(DriverCommandExecutor.java:216)
at org.openqa.selenium.remote.service.DriverCommandExecutor.execute(DriverCommandExecutor.java:174)
at org.openqa.selenium.remote.RemoteWebDriver.execute(RemoteWebDriver.java:545)
at org.openqa.selenium.remote.RemoteWebElement.execute(RemoteWebElement.java:223)
at org.openqa.selenium.remote.RemoteWebElement.sendKeys(RemoteWebElement.java:110)
at SeleniumCodeSDET.SDETCode.DataProviderTest.dataProviderIRCTC(DataProviderTest.java:56)
at java.base/java.util.ArrayList.forEach(ArrayList.java:1597)
... Removed 28 stack frames]]>
    </failure>
  </testcase> <!-- dataProviderIRCTC -->
  <testcase classname="SeleniumCodeSDET.SDETCode.HandleAlerts" name="simpleAlert" time="0.0">
    <ignored/>
  </testcase> <!-- simpleAlert -->
  <testcase classname="SeleniumCodeSDET.SDETCode.HandleAlerts" name="timerSimpleAlert" time="0.0">
    <ignored/>
  </testcase> <!-- timerSimpleAlert -->
  <testcase classname="SeleniumCodeSDET.SDETCode.HandleAlerts" name="confirmAlert" time="0.0">
    <ignored/>
  </testcase> <!-- confirmAlert -->
  <testcase classname="SeleniumCodeSDET.SDETCode.BaseClass" name="@BeforeTest browserSetup" time="0.0">
    <ignored/>
  </testcase> <!-- @BeforeTest browserSetup -->
  <testcase classname="SeleniumCodeSDET.SDETCode.BaseClass" name="@BeforeTest browserSetup" time="0.0">
    <ignored/>
  </testcase> <!-- @BeforeTest browserSetup -->
  <testcase classname="SeleniumCodeSDET.SDETCode.BaseClass" name="@BeforeTest browserSetup" time="0.0">
    <ignored/>
  </testcase> <!-- @BeforeTest browserSetup -->
  <testcase classname="SeleniumCodeSDET.SDETCode.BaseClass" name="@BeforeTest browserSetup" time="0.0">
    <ignored/>
  </testcase> <!-- @BeforeTest browserSetup -->
  <testcase classname="SeleniumCodeSDET.SDETCode.BaseClass" name="@BeforeTest browserSetup" time="0.0">
    <ignored/>
  </testcase> <!-- @BeforeTest browserSetup -->
  <testcase classname="SeleniumCodeSDET.SDETCode.BaseClass" name="@BeforeTest browserSetup" time="0.0">
    <ignored/>
  </testcase> <!-- @BeforeTest browserSetup -->
  <testcase classname="SeleniumCodeSDET.SDETCode.BaseClass" name="@BeforeTest browserSetup" time="0.0">
    <ignored/>
  </testcase> <!-- @BeforeTest browserSetup -->
  <testcase classname="SeleniumCodeSDET.SDETCode.HandleAlerts" name="handleAlert" time="0.0">
    <ignored/>
  </testcase> <!-- handleAlert -->
  <testcase classname="SeleniumCodeSDET.SDETCode.BaseClass" name="@AfterTest browserQuit" time="0.0">
    <ignored/>
  </testcase> <!-- @AfterTest browserQuit -->
  <testcase classname="SeleniumCodeSDET.SDETCode.BaseClass" name="@AfterTest browserQuit" time="0.0">
    <ignored/>
  </testcase> <!-- @AfterTest browserQuit -->
  <testcase classname="SeleniumCodeSDET.SDETCode.BaseClass" name="@AfterTest browserQuit" time="0.0">
    <ignored/>
  </testcase> <!-- @AfterTest browserQuit -->
  <testcase classname="SeleniumCodeSDET.SDETCode.BaseClass" name="@AfterTest browserQuit" time="0.0">
    <ignored/>
  </testcase> <!-- @AfterTest browserQuit -->
  <testcase classname="SeleniumCodeSDET.SDETCode.BaseClass" name="@AfterTest browserQuit" time="0.0">
    <ignored/>
  </testcase> <!-- @AfterTest browserQuit -->
  <testcase classname="SeleniumCodeSDET.SDETCode.BaseClass" name="@AfterTest browserQuit" time="0.0">
    <ignored/>
  </testcase> <!-- @AfterTest browserQuit -->
  <testcase classname="SeleniumCodeSDET.SDETCode.BaseClass" name="@AfterTest browserQuit" time="0.0">
    <ignored/>
  </testcase> <!-- @AfterTest browserQuit -->
  <testcase classname="SeleniumCodeSDET.SDETCode.ChatGPTCode_1" name="searchAndValidateProducts" time="0.0">
    <ignored/>
  </testcase> <!-- searchAndValidateProducts -->
</testsuite> <!-- Test -->
