<!DOCTYPE html PUBLIC "-//W3C//DTD XHTML 1.1//EN" "https://www.w3.org/TR/xhtml11/DTD/xhtml11.dtd">
<html xmlns="https://www.w3.org/1999/xhtml">
<head>
<meta http-equiv="content-type" content="text/html; charset=UTF-8"/>
<title>TestNG Report</title>
<style type="text/css">table {margin-bottom:10px;border-collapse:collapse;empty-cells:show}th,td {border:1px solid #009;padding:.25em .5em}th {vertical-align:bottom}td {vertical-align:top}table a {font-weight:bold}.stripe td {background-color: #E6EBF9}.num {text-align:right}.passedodd td {background-color: #3F3}.passedeven td {background-color: #0A0}.skippedodd td {background-color: #DDD}.skippedeven td {background-color: #CCC}.failedodd td,.attn {background-color: #F33}.failedeven td,.stripe .attn {background-color: #D00}.stacktrace {white-space:pre;font-family:monospace}.totop {font-size:85%;text-align:center;border-bottom:2px solid #000}.invisible {display:none}</style>
</head>
<body>
<table>
<tr><th>Test</th><th># Passed</th><th># Skipped</th><th># Retried</th><th># Failed</th><th>Time (ms)</th><th>Included Groups</th><th>Excluded Groups</th></tr>
<tr><th colspan="8">Suite</th></tr>
<tr><td><a href="#t0">Test</a></td><td class="num">8</td><td class="num">0</td><td class="num">0</td><td class="num attn">3</td><td class="num">86,256</td><td></td><td>skipGroup</td></tr>
</table>
<table id='summary'><thead><tr><th>Class</th><th>Method</th><th>Start</th><th>Time (ms)</th></tr></thead><tbody><tr><th colspan="4">Suite</th></tr></tbody><tbody id="t0"><tr><th colspan="4">Test &#8212; failed</th></tr><tr class="failedeven"><td rowspan="1">SeleniumCodeSDET.SDETCode.DataBaseConnection</td><td><a href="#m0">Database</a></td><td rowspan="1">1733909111784</td><td rowspan="1">8</td></tr><tr class="failedodd"><td rowspan="1">SeleniumCodeSDET.SDETCode.DataProviderTest</td><td><a href="#m1">dataProviderIRCTC</a></td><td rowspan="1">1733909150657</td><td rowspan="1">22721</td></tr><tr class="failedeven"><td rowspan="1">SeleniumCodeSDET.SDETCode.MultipleWindow</td><td><a href="#m2">handleMultipleWindow</a></td><td rowspan="1">1733909111795</td><td rowspan="1">28917</td></tr><tr><th colspan="4">Test &#8212; passed</th></tr><tr class="passedeven"><td rowspan="1">SeleniumCodeSDET.SDETCode.BrokenLink</td><td><a href="#m3">findBrokenLink</a></td><td rowspan="1">1733909104580</td><td rowspan="1">7199</td></tr><tr class="passedodd"><td rowspan="3">SeleniumCodeSDET.SDETCode.DataProvider_FillForm</td><td><a href="#m4">fillform</a></td><td rowspan="3">1733909102523</td><td rowspan="3">2054</td></tr><tr class="passedodd"><td><a href="#m5">fillform</a></td></tr><tr class="passedodd"><td><a href="#m6">fillform</a></td></tr><tr class="passedeven"><td rowspan="1">SeleniumCodeSDET.SDETCode.HandleAlerts</td><td><a href="#m7">promptBox</a></td><td rowspan="1">1733909148626</td><td rowspan="1">2025</td></tr><tr class="passedodd"><td rowspan="1">SeleniumCodeSDET.SDETCode.JavaScriptExecutorCode</td><td><a href="#m8">confirmAlert</a></td><td rowspan="1">1733909093562</td><td rowspan="1">3104</td></tr><tr class="passedeven"><td rowspan="2">SeleniumCodeSDET.SDETCode.WebDriverWaitCode</td><td><a href="#m9">table</a></td><td rowspan="1">1733909140755</td><td rowspan="1">3</td></tr><tr class="passedeven"><td><a href="#m10">timerSimpleAlert</a></td><td rowspan="1">1733909140761</td><td rowspan="1">7858</td></tr></tbody>
</table>
<h2>Test</h2><h3 id="m0">SeleniumCodeSDET.SDETCode.DataBaseConnection#Database</h3><table class="result"><tr><th>Exception</th></tr><tr><td><div class="stacktrace">java.sql.SQLException: No suitable driver found for jdbc:mysql://localhost:3306/hr
	at java.sql/java.sql.DriverManager.getConnection(DriverManager.java:707)
	at java.sql/java.sql.DriverManager.getConnection(DriverManager.java:230)
	at SeleniumCodeSDET.SDETCode.DataBaseConnection.Database(DataBaseConnection.java:16)
	at java.base/java.util.ArrayList.forEach(ArrayList.java:1597)
... Removed 25 stack frames</div></td></tr></table><p class="totop"><a href="#summary">back to summary</a></p>
<h3 id="m1">SeleniumCodeSDET.SDETCode.DataProviderTest#dataProviderIRCTC</h3><table class="result"><tr><th>Exception</th></tr><tr><td><div class="stacktrace">org.openqa.selenium.ElementNotInteractableException: element not interactable
  (Session info: chrome=131.0.6778.109)
Build info: version: &apos;4.26.0&apos;, revision: &apos;8ccf0219d7&apos;
System info: os.name: &apos;Windows 11&apos;, os.arch: &apos;amd64&apos;, os.version: &apos;10.0&apos;, java.version: &apos;23&apos;
Driver info: org.openqa.selenium.chrome.ChromeDriver
Command: [55a06e6f17cc17dc22634fa66e45ca00, sendKeysToElement {value=[Ljava.lang.CharSequence;@77bb48d5, id=f.E10CC082767E62FED85E138A48A14F9B.d.243D518633CC69264F0C38BEFF3F8B4B.e.68}]
Capabilities {acceptInsecureCerts: false, browserName: chrome, browserVersion: 131.0.6778.109, chrome: {chromedriverVersion: 131.0.6778.108 (3b014839fbc..., userDataDir: C:\Users\suraj\AppData\Loca...}, fedcm:accounts: true, goog:chromeOptions: {debuggerAddress: localhost:62452}, networkConnectionEnabled: false, pageLoadStrategy: normal, platformName: windows, proxy: Proxy(), se:cdp: ws://localhost:62452/devtoo..., se:cdpVersion: 131.0.6778.109, setWindowRect: true, strictFileInteractability: false, timeouts: {implicit: 0, pageLoad: 300000, script: 30000}, unhandledPromptBehavior: dismiss and notify, webauthn:extension:credBlob: true, webauthn:extension:largeBlob: true, webauthn:extension:minPinLength: true, webauthn:extension:prf: true, webauthn:virtualAuthenticators: true}
Element: [[ChromeDriver: chrome on windows (55a06e6f17cc17dc22634fa66e45ca00)] -&gt; xpath: //p-autocomplete[@id=&apos;destination&apos;]]
Session ID: 55a06e6f17cc17dc22634fa66e45ca00
	at org.openqa.selenium.remote.ErrorCodec.decode(ErrorCodec.java:167)
	at org.openqa.selenium.remote.codec.w3c.W3CHttpResponseCodec.decode(W3CHttpResponseCodec.java:138)
	at org.openqa.selenium.remote.codec.w3c.W3CHttpResponseCodec.decode(W3CHttpResponseCodec.java:50)
	at org.openqa.selenium.remote.HttpCommandExecutor.execute(HttpCommandExecutor.java:190)
	at org.openqa.selenium.remote.service.DriverCommandExecutor.invokeExecute(DriverCommandExecutor.java:216)
	at org.openqa.selenium.remote.service.DriverCommandExecutor.execute(DriverCommandExecutor.java:174)
	at org.openqa.selenium.remote.RemoteWebDriver.execute(RemoteWebDriver.java:545)
	at org.openqa.selenium.remote.RemoteWebElement.execute(RemoteWebElement.java:223)
	at org.openqa.selenium.remote.RemoteWebElement.sendKeys(RemoteWebElement.java:110)
	at SeleniumCodeSDET.SDETCode.DataProviderTest.dataProviderIRCTC(DataProviderTest.java:56)
	at java.base/java.util.ArrayList.forEach(ArrayList.java:1597)
... Removed 28 stack frames</div></td></tr></table><p class="totop"><a href="#summary">back to summary</a></p>
<h3 id="m2">SeleniumCodeSDET.SDETCode.MultipleWindow#handleMultipleWindow</h3><table class="result"><tr><th>Exception</th></tr><tr><td><div class="stacktrace">junit.framework.AssertionFailedError: expected:&lt;5&gt; but was:&lt;6&gt;
	at junit.framework.Assert.fail(Assert.java:47)
	at junit.framework.Assert.failNotEquals(Assert.java:282)
	at junit.framework.Assert.assertEquals(Assert.java:64)
	at junit.framework.Assert.assertEquals(Assert.java:201)
	at junit.framework.Assert.assertEquals(Assert.java:207)
	at SeleniumCodeSDET.SDETCode.MultipleWindow.handleMultipleWindow(MultipleWindow.java:63)
	at java.base/java.util.ArrayList.forEach(ArrayList.java:1597)
... Removed 25 stack frames</div></td></tr></table><p class="totop"><a href="#summary">back to summary</a></p>
<h3 id="m3">SeleniumCodeSDET.SDETCode.BrokenLink#findBrokenLink</h3><table class="result"><tr><th class="invisible"/></tr></table><p class="totop"><a href="#summary">back to summary</a></p>
<h3 id="m4">SeleniumCodeSDET.SDETCode.DataProvider_FillForm#fillform</h3><table class="result"><tr class="param"><th>Parameter #1</th><th>Parameter #2</th><th>Parameter #3</th></tr><tr class="param stripe"><td>Mike</td><td>Johnson</td><td>mike.johnson@example.com</td></tr></table><p class="totop"><a href="#summary">back to summary</a></p>
<h3 id="m5">SeleniumCodeSDET.SDETCode.DataProvider_FillForm#fillform</h3><table class="result"><tr class="param"><th>Parameter #1</th><th>Parameter #2</th><th>Parameter #3</th></tr><tr class="param stripe"><td>Jane</td><td>Smith</td><td>jane.smith@example.com</td></tr></table><p class="totop"><a href="#summary">back to summary</a></p>
<h3 id="m6">SeleniumCodeSDET.SDETCode.DataProvider_FillForm#fillform</h3><table class="result"><tr class="param"><th>Parameter #1</th><th>Parameter #2</th><th>Parameter #3</th></tr><tr class="param stripe"><td>John</td><td>Doe</td><td>john.doe@example.com</td></tr></table><p class="totop"><a href="#summary">back to summary</a></p>
<h3 id="m7">SeleniumCodeSDET.SDETCode.HandleAlerts#promptBox</h3><table class="result"><tr><th class="invisible"/></tr></table><p class="totop"><a href="#summary">back to summary</a></p>
<h3 id="m8">SeleniumCodeSDET.SDETCode.JavaScriptExecutorCode#confirmAlert</h3><table class="result"><tr><th class="invisible"/></tr></table><p class="totop"><a href="#summary">back to summary</a></p>
<h3 id="m9">SeleniumCodeSDET.SDETCode.WebDriverWaitCode#table</h3><table class="result"><tr><th class="invisible"/></tr></table><p class="totop"><a href="#summary">back to summary</a></p>
<h3 id="m10">SeleniumCodeSDET.SDETCode.WebDriverWaitCode#timerSimpleAlert</h3><table class="result"><tr><th class="invisible"/></tr></table><p class="totop"><a href="#summary">back to summary</a></p>
</body>
</html>
